2015-09-23 04:20:15,769:769.687891006 - ubuntu_sso.utils.translation - WARNING - Translations not found, using null translator.
2015-09-23 04:20:16,804:804.54993248 - ubuntu_sso.main - INFO - Setting up Ubuntu SSO service.
2015-09-23 04:20:18,031:31.3520431519 - ubuntu_sso.main - INFO - Ubuntu SSO service started.
2015-09-23 04:20:18,031:31.5909385681 - ubuntu_sso.account - INFO - Creating a new SSO access layer for service url u'https://login.ubuntu.com/api/1.0/'
2015-09-23 04:20:18,871:871.553897858 - ubuntu_sso.credentials - INFO - find_credentials: self.app_name dbus.String(u'Ubuntu Software Center'), result is {}? True
2015-09-23 04:20:18,906:906.816959381 - ubuntu_sso.main - INFO - 'CredentialsManagement': emitting 'CredentialsNotFound' with args (dbus.String(u'Ubuntu Software Center'),) and kwargs {}
2015-09-23 04:20:29,483:483.627080917 - ubuntu_sso.main - INFO - Shutting down, calling <function shutdown_func at 0x7f44e36fc398>.
2015-09-23 04:25:19,380:380.924940109 - ubuntu_sso.utils.translation - WARNING - Translations not found, using null translator.
2015-09-23 04:25:19,597:597.021102905 - ubuntu_sso.main - INFO - Setting up Ubuntu SSO service.
2015-09-23 04:25:19,868:868.5131073 - ubuntu_sso.main - INFO - Ubuntu SSO service started.
2015-09-23 04:25:19,869:869.194984436 - ubuntu_sso.account - INFO - Creating a new SSO access layer for service url u'https://login.ubuntu.com/api/1.0/'
2015-09-23 04:25:19,939:939.583063126 - ubuntu_sso.credentials - INFO - find_credentials: self.app_name dbus.String(u'Ubuntu Software Center'), result is {}? True
2015-09-23 04:25:19,940:940.16289711 - ubuntu_sso.main - INFO - 'CredentialsManagement': emitting 'CredentialsNotFound' with args (dbus.String(u'Ubuntu Software Center'),) and kwargs {}
2015-09-23 04:25:29,953:953.375101089 - ubuntu_sso.main - INFO - Shutting down, calling <function shutdown_func at 0x7f76989c2398>.
2015-09-29 01:19:49,600:600.85105896 - ubuntu_sso.utils.translation - WARNING - Translations not found, using null translator.
2015-09-29 01:19:49,934:934.959888458 - ubuntu_sso.main - INFO - Setting up Ubuntu SSO service.
2015-09-29 01:19:50,213:213.562011719 - ubuntu_sso.main - INFO - Ubuntu SSO service started.
2015-09-29 01:19:50,213:213.984012604 - ubuntu_sso.account - INFO - Creating a new SSO access layer for service url u'https://login.ubuntu.com/api/1.0/'
2015-09-29 01:19:50,315:315.860033035 - ubuntu_sso.credentials - INFO - find_credentials: self.app_name dbus.String(u'Ubuntu Software Center'), result is {}? True
2015-09-29 01:19:50,316:316.489934921 - ubuntu_sso.main - INFO - 'CredentialsManagement': emitting 'CredentialsNotFound' with args (dbus.String(u'Ubuntu Software Center'),) and kwargs {}
2015-09-29 01:20:00,344:344.017028809 - ubuntu_sso.main - INFO - Shutting down, calling <function shutdown_func at 0x7f26fc229398>.
2015-09-29 01:24:50,629:629.473924637 - ubuntu_sso.utils.translation - WARNING - Translations not found, using null translator.
2015-09-29 01:24:50,642:642.210006714 - ubuntu_sso.main - INFO - Setting up Ubuntu SSO service.
2015-09-29 01:24:50,648:648.725986481 - ubuntu_sso.main - INFO - Ubuntu SSO service started.
2015-09-29 01:24:50,648:648.869037628 - ubuntu_sso.account - INFO - Creating a new SSO access layer for service url u'https://login.ubuntu.com/api/1.0/'
2015-09-29 01:24:50,652:652.730941772 - ubuntu_sso.credentials - INFO - find_credentials: self.app_name dbus.String(u'Ubuntu Software Center'), result is {}? True
2015-09-29 01:24:50,652:652.87399292 - ubuntu_sso.main - INFO - 'CredentialsManagement': emitting 'CredentialsNotFound' with args (dbus.String(u'Ubuntu Software Center'),) and kwargs {}
2015-09-29 01:25:00,663:663.094997406 - ubuntu_sso.main - INFO - Shutting down, calling <function shutdown_func at 0x7f5c7bb0a398>.
2015-10-06 22:52:18,637:637.756109238 - ubuntu_sso.utils.translation - WARNING - Translations not found, using null translator.
2015-10-06 22:52:18,898:898.92911911 - ubuntu_sso.main - INFO - Setting up Ubuntu SSO service.
2015-10-06 22:52:19,228:228.401899338 - ubuntu_sso.main - INFO - Ubuntu SSO service started.
2015-10-06 22:52:19,228:228.957891464 - ubuntu_sso.account - INFO - Creating a new SSO access layer for service url u'https://login.ubuntu.com/api/1.0/'
2015-10-06 22:52:19,306:306.322097778 - ubuntu_sso.credentials - INFO - find_credentials: self.app_name dbus.String(u'Ubuntu Software Center'), result is {}? True
2015-10-06 22:52:19,311:311.245918274 - ubuntu_sso.main - INFO - 'CredentialsManagement': emitting 'CredentialsNotFound' with args (dbus.String(u'Ubuntu Software Center'),) and kwargs {}
2015-10-06 22:52:29,330:330.435991287 - ubuntu_sso.main - INFO - Shutting down, calling <function shutdown_func at 0x7f99749c6398>.
2015-10-06 22:57:19,764:764.472007751 - ubuntu_sso.utils.translation - WARNING - Translations not found, using null translator.
2015-10-06 22:57:19,777:777.761936188 - ubuntu_sso.main - INFO - Setting up Ubuntu SSO service.
2015-10-06 22:57:19,784:784.708976746 - ubuntu_sso.main - INFO - Ubuntu SSO service started.
2015-10-06 22:57:19,784:784.904956818 - ubuntu_sso.account - INFO - Creating a new SSO access layer for service url u'https://login.ubuntu.com/api/1.0/'
2015-10-06 22:57:19,789:789.144039154 - ubuntu_sso.credentials - INFO - find_credentials: self.app_name dbus.String(u'Ubuntu Software Center'), result is {}? True
2015-10-06 22:57:19,789:789.295911789 - ubuntu_sso.main - INFO - 'CredentialsManagement': emitting 'CredentialsNotFound' with args (dbus.String(u'Ubuntu Software Center'),) and kwargs {}
2015-10-06 22:57:29,800:800.044059753 - ubuntu_sso.main - INFO - Shutting down, calling <function shutdown_func at 0x7f1b8ffba398>.
2015-10-08 23:40:23,736:736.529111862 - ubuntu_sso.utils.translation - WARNING - Translations not found, using null translator.
2015-10-08 23:40:24,226:226.620912552 - ubuntu_sso.main - INFO - Setting up Ubuntu SSO service.
2015-10-08 23:40:24,865:865.452051163 - ubuntu_sso.main - INFO - Ubuntu SSO service started.
2015-10-08 23:40:24,865:865.624904633 - ubuntu_sso.account - INFO - Creating a new SSO access layer for service url u'https://login.ubuntu.com/api/1.0/'
2015-10-08 23:40:25,165:165.569067001 - ubuntu_sso.credentials - INFO - find_credentials: self.app_name dbus.String(u'Ubuntu Software Center'), result is {}? True
2015-10-08 23:40:25,165:165.879964828 - ubuntu_sso.main - INFO - 'CredentialsManagement': emitting 'CredentialsNotFound' with args (dbus.String(u'Ubuntu Software Center'),) and kwargs {}
2015-10-08 23:40:35,210:210.710048676 - ubuntu_sso.main - INFO - Shutting down, calling <function shutdown_func at 0x7f32380c0398>.
2015-10-08 23:45:24,891:891.696929932 - ubuntu_sso.utils.translation - WARNING - Translations not found, using null translator.
2015-10-08 23:45:24,904:904.918909073 - ubuntu_sso.main - INFO - Setting up Ubuntu SSO service.
2015-10-08 23:45:24,911:911.640882492 - ubuntu_sso.main - INFO - Ubuntu SSO service started.
2015-10-08 23:45:24,911:911.782979965 - ubuntu_sso.account - INFO - Creating a new SSO access layer for service url u'https://login.ubuntu.com/api/1.0/'
2015-10-08 23:45:24,915:915.782928467 - ubuntu_sso.credentials - INFO - find_credentials: self.app_name dbus.String(u'Ubuntu Software Center'), result is {}? True
2015-10-08 23:45:24,916:916.01395607 - ubuntu_sso.main - INFO - 'CredentialsManagement': emitting 'CredentialsNotFound' with args (dbus.String(u'Ubuntu Software Center'),) and kwargs {}
2015-10-08 23:45:34,926:926.147937775 - ubuntu_sso.main - INFO - Shutting down, calling <function shutdown_func at 0x7fe51fdf7398>.
